<?xml version="1.0" encoding="UTF-8"?>
<!-- Generated by org.testng.reporters.JUnitReportReporter -->
<testsuite skipped="0" hostname="BALCIOGLU" name="checkoutTestNG.mitsubishiCheckoutTestNg" tests="8" failures="0" timestamp="04 Nov 2018 23:34:56 GMT" time="27.102" errors="0">
  <testcase name="verifyHomepageTitle" time="0.016" classname="checkoutTestNG.mitsubishiCheckoutTestNg"/>
  <testcase name="selectCarAndModel" time="2.853" classname="checkoutTestNG.mitsubishiCheckoutTestNg"/>
  <testcase name="checkTheBox" time="3.194" classname="checkoutTestNG.mitsubishiCheckoutTestNg"/>
  <testcase name="selectConnectionType" time="2.070" classname="checkoutTestNG.mitsubishiCheckoutTestNg"/>
  <testcase name="selectPowerRating" time="4.472" classname="checkoutTestNG.mitsubishiCheckoutTestNg"/>
  <testcase name="checkCompatibleExtras" time="2.229" classname="checkoutTestNG.mitsubishiCheckoutTestNg"/>
  <testcase name="selectCompatibleExtras" time="2.155" classname="checkoutTestNG.mitsubishiCheckoutTestNg"/>
  <testcase name="testTotalPrice" time="10.113" classname="checkoutTestNG.mitsubishiCheckoutTestNg"/>
</testsuite> <!-- checkoutTestNG.mitsubishiCheckoutTestNg -->
