<?xml version="1.0" encoding="UTF-8"?>
<!-- Generated by org.testng.reporters.JUnitReportReporter -->
<testsuite skipped="0" hostname="BALCIOGLU" name="mitsubishiCheckoutTest.NewTest" tests="1" failures="0" timestamp="03 Nov 2018 10:48:05 GMT" time="0.004" errors="0">
  <testcase name="f" time="0.004" classname="mitsubishiCheckoutTest.NewTest"/>
</testsuite> <!-- mitsubishiCheckoutTest.NewTest -->
